Build started 12/11/2012 2:01:04 PM.
     1>Project "C:\Users\mike\Documents\_CODING\Visual Studio 2010\Projects\a3\a3\a3.vcxproj" on node 2 (build target(s)).
     1>InitializeBuildStatus:
         Creating "Debug\cs3388_a3.unsuccessfulbuild" because "AlwaysCreate" was specified.
       ClCompile:
         c:\Program Files (x86)\Microsoft Visual Studio 10.0\VC\bin\CL.exe /c /ZI /nologo /W3 /WX- /Od /Oy- /D WIN32 /D _DEBUG /D _CONSOLE /D _UNICODE /D UNICODE /Gm /EHsc /RTC1 /MDd /GS /fp:precise /Zc:wchar_t /Zc:forScope /Fo"Debug\\" /Fd"Debug\vc100.pdb" /Gd /TP /analyze- /errorReport:prompt q2dan.cpp
         q2dan.cpp
         All outputs are up-to-date.
       ManifestResourceCompile:
         All outputs are up-to-date.
       Link:
         c:\Program Files (x86)\Microsoft Visual Studio 10.0\VC\bin\link.exe /ERRORREPORT:PROMPT /OUT:"C:\Users\mike\Documents\_CODING\Visual Studio 2010\Projects\a3\Debug\cs3388_a3.exe" /INCREMENTAL /NOLOGO kernel32.lib user32.lib gdi32.lib winspool.lib comdlg32.lib advapi32.lib shell32.lib ole32.lib oleaut32.lib uuid.lib odbc32.lib odbccp32.lib /MANIFEST /ManifestFile:"Debug\cs3388_a3.exe.intermediate.manifest" /MANIFESTUAC:"level='asInvoker' uiAccess='false'" /DEBUG /PDB:"C:\Users\mike\Documents\_CODING\Visual Studio 2010\Projects\a3\Debug\cs3388_a3.pdb" /SUBSYSTEM:CONSOLE /TLBID:1 /DYNAMICBASE /NXCOMPAT /IMPLIB:"C:\Users\mike\Documents\_CODING\Visual Studio 2010\Projects\a3\Debug\cs3388_a3.lib" /MACHINE:X86 Debug\cs3388_a3.exe.embed.manifest.res
         Debug\cs3388lib.obj
         Debug\gl3w.obj
         Debug\mat4x4.obj
         Debug\q2dan.obj
         Debug\trimesh.obj
         Debug\vec2.obj
         Debug\vec4.obj
       Manifest:
         C:\Program Files (x86)\Microsoft SDKs\Windows\v7.0A\bin\mt.exe /nologo /verbose /out:"Debug\cs3388_a3.exe.embed.manifest" /manifest Debug\cs3388_a3.exe.intermediate.manifest
         All outputs are up-to-date.
       LinkEmbedManifest:
         All outputs are up-to-date.
         a3.vcxproj -> C:\Users\mike\Documents\_CODING\Visual Studio 2010\Projects\a3\Debug\cs3388_a3.exe
       FinalizeBuildStatus:
         Deleting file "Debug\cs3388_a3.unsuccessfulbuild".
         Touching "Debug\cs3388_a3.lastbuildstate".
     1>Done Building Project "C:\Users\mike\Documents\_CODING\Visual Studio 2010\Projects\a3\a3\a3.vcxproj" (build target(s)).

Build succeeded.

Time Elapsed 00:00:02.85
