C:\Users\mike\Documents\_CODING\Visual Studio 2010\Projects\a3\a3\Debug\cl.command.1.tlog
C:\Users\mike\Documents\_CODING\Visual Studio 2010\Projects\a3\a3\Debug\CL.read.1.tlog
C:\Users\mike\Documents\_CODING\Visual Studio 2010\Projects\a3\a3\Debug\CL.write.1.tlog
C:\USERS\MIKE\DOCUMENTS\_CODING\VISUAL STUDIO 2010\PROJECTS\A3\A3\DEBUG\CS3388_A3.EXE.EMBED.MANIFEST
C:\USERS\MIKE\DOCUMENTS\_CODING\VISUAL STUDIO 2010\PROJECTS\A3\A3\DEBUG\CS3388_A3.EXE.EMBED.MANIFEST.RES
C:\USERS\MIKE\DOCUMENTS\_CODING\VISUAL STUDIO 2010\PROJECTS\A3\A3\DEBUG\CS3388_A3.EXE.INTERMEDIATE.MANIFEST
C:\Users\mike\Documents\_CODING\Visual Studio 2010\Projects\a3\a3\Debug\cs3388_a3_manifest.rc
C:\USERS\MIKE\DOCUMENTS\_CODING\VISUAL STUDIO 2010\PROJECTS\A3\A3\DEBUG\CS3388LIB.OBJ
C:\USERS\MIKE\DOCUMENTS\_CODING\VISUAL STUDIO 2010\PROJECTS\A3\A3\DEBUG\GL3W.OBJ
C:\Users\mike\Documents\_CODING\Visual Studio 2010\Projects\a3\a3\Debug\link.1048.read.1.tlog
C:\Users\mike\Documents\_CODING\Visual Studio 2010\Projects\a3\a3\Debug\link.1048.write.1.tlog
C:\Users\mike\Documents\_CODING\Visual Studio 2010\Projects\a3\a3\Debug\link.1048-cvtres.read.1.tlog
C:\Users\mike\Documents\_CODING\Visual Studio 2010\Projects\a3\a3\Debug\link.1048-cvtres.write.1.tlog
C:\Users\mike\Documents\_CODING\Visual Studio 2010\Projects\a3\a3\Debug\link.1052.read.1.tlog
C:\Users\mike\Documents\_CODING\Visual Studio 2010\Projects\a3\a3\Debug\link.1052.write.1.tlog
C:\Users\mike\Documents\_CODING\Visual Studio 2010\Projects\a3\a3\Debug\link.1052-cvtres.read.1.tlog
C:\Users\mike\Documents\_CODING\Visual Studio 2010\Projects\a3\a3\Debug\link.1052-cvtres.write.1.tlog
C:\Users\mike\Documents\_CODING\Visual Studio 2010\Projects\a3\a3\Debug\link.1604.read.1.tlog
C:\Users\mike\Documents\_CODING\Visual Studio 2010\Projects\a3\a3\Debug\link.1604.write.1.tlog
C:\Users\mike\Documents\_CODING\Visual Studio 2010\Projects\a3\a3\Debug\link.1604-cvtres.read.1.tlog
C:\Users\mike\Documents\_CODING\Visual Studio 2010\Projects\a3\a3\Debug\link.1604-cvtres.write.1.tlog
C:\Users\mike\Documents\_CODING\Visual Studio 2010\Projects\a3\a3\Debug\link.3312.read.1.tlog
C:\Users\mike\Documents\_CODING\Visual Studio 2010\Projects\a3\a3\Debug\link.3312.write.1.tlog
C:\Users\mike\Documents\_CODING\Visual Studio 2010\Projects\a3\a3\Debug\link.3312-cvtres.read.1.tlog
C:\Users\mike\Documents\_CODING\Visual Studio 2010\Projects\a3\a3\Debug\link.3312-cvtres.write.1.tlog
C:\Users\mike\Documents\_CODING\Visual Studio 2010\Projects\a3\a3\Debug\link.3600.read.1.tlog
C:\Users\mike\Documents\_CODING\Visual Studio 2010\Projects\a3\a3\Debug\link.3600.write.1.tlog
C:\Users\mike\Documents\_CODING\Visual Studio 2010\Projects\a3\a3\Debug\link.3600-cvtres.read.1.tlog
C:\Users\mike\Documents\_CODING\Visual Studio 2010\Projects\a3\a3\Debug\link.3600-cvtres.write.1.tlog
C:\Users\mike\Documents\_CODING\Visual Studio 2010\Projects\a3\a3\Debug\link.4024.read.1.tlog
C:\Users\mike\Documents\_CODING\Visual Studio 2010\Projects\a3\a3\Debug\link.4024.write.1.tlog
C:\Users\mike\Documents\_CODING\Visual Studio 2010\Projects\a3\a3\Debug\link.4024-cvtres.read.1.tlog
C:\Users\mike\Documents\_CODING\Visual Studio 2010\Projects\a3\a3\Debug\link.4024-cvtres.write.1.tlog
C:\Users\mike\Documents\_CODING\Visual Studio 2010\Projects\a3\a3\Debug\link.4452.read.1.tlog
C:\Users\mike\Documents\_CODING\Visual Studio 2010\Projects\a3\a3\Debug\link.4452.write.1.tlog
C:\Users\mike\Documents\_CODING\Visual Studio 2010\Projects\a3\a3\Debug\link.4452-cvtres.read.1.tlog
C:\Users\mike\Documents\_CODING\Visual Studio 2010\Projects\a3\a3\Debug\link.4452-cvtres.write.1.tlog
C:\Users\mike\Documents\_CODING\Visual Studio 2010\Projects\a3\a3\Debug\link.4708.read.1.tlog
C:\Users\mike\Documents\_CODING\Visual Studio 2010\Projects\a3\a3\Debug\link.4708.write.1.tlog
C:\Users\mike\Documents\_CODING\Visual Studio 2010\Projects\a3\a3\Debug\link.4708-cvtres.read.1.tlog
C:\Users\mike\Documents\_CODING\Visual Studio 2010\Projects\a3\a3\Debug\link.4708-cvtres.write.1.tlog
C:\Users\mike\Documents\_CODING\Visual Studio 2010\Projects\a3\a3\Debug\link.4792.read.1.tlog
C:\Users\mike\Documents\_CODING\Visual Studio 2010\Projects\a3\a3\Debug\link.4792.write.1.tlog
C:\Users\mike\Documents\_CODING\Visual Studio 2010\Projects\a3\a3\Debug\link.4792-cvtres.read.1.tlog
C:\Users\mike\Documents\_CODING\Visual Studio 2010\Projects\a3\a3\Debug\link.4792-cvtres.write.1.tlog
C:\Users\mike\Documents\_CODING\Visual Studio 2010\Projects\a3\a3\Debug\link.4848.read.1.tlog
C:\Users\mike\Documents\_CODING\Visual Studio 2010\Projects\a3\a3\Debug\link.4848.write.1.tlog
C:\Users\mike\Documents\_CODING\Visual Studio 2010\Projects\a3\a3\Debug\link.4848-cvtres.read.1.tlog
C:\Users\mike\Documents\_CODING\Visual Studio 2010\Projects\a3\a3\Debug\link.4848-cvtres.write.1.tlog
C:\Users\mike\Documents\_CODING\Visual Studio 2010\Projects\a3\a3\Debug\link.5300.read.1.tlog
C:\Users\mike\Documents\_CODING\Visual Studio 2010\Projects\a3\a3\Debug\link.5300.write.1.tlog
C:\Users\mike\Documents\_CODING\Visual Studio 2010\Projects\a3\a3\Debug\link.5300-cvtres.read.1.tlog
C:\Users\mike\Documents\_CODING\Visual Studio 2010\Projects\a3\a3\Debug\link.5300-cvtres.write.1.tlog
C:\Users\mike\Documents\_CODING\Visual Studio 2010\Projects\a3\a3\Debug\link.5560.read.1.tlog
C:\Users\mike\Documents\_CODING\Visual Studio 2010\Projects\a3\a3\Debug\link.5560.write.1.tlog
C:\Users\mike\Documents\_CODING\Visual Studio 2010\Projects\a3\a3\Debug\link.5560-cvtres.read.1.tlog
C:\Users\mike\Documents\_CODING\Visual Studio 2010\Projects\a3\a3\Debug\link.5560-cvtres.write.1.tlog
C:\Users\mike\Documents\_CODING\Visual Studio 2010\Projects\a3\a3\Debug\link.5612.read.1.tlog
C:\Users\mike\Documents\_CODING\Visual Studio 2010\Projects\a3\a3\Debug\link.5612.write.1.tlog
C:\Users\mike\Documents\_CODING\Visual Studio 2010\Projects\a3\a3\Debug\link.5612-cvtres.read.1.tlog
C:\Users\mike\Documents\_CODING\Visual Studio 2010\Projects\a3\a3\Debug\link.5612-cvtres.write.1.tlog
C:\Users\mike\Documents\_CODING\Visual Studio 2010\Projects\a3\a3\Debug\link.5676.read.1.tlog
C:\Users\mike\Documents\_CODING\Visual Studio 2010\Projects\a3\a3\Debug\link.5676.write.1.tlog
C:\Users\mike\Documents\_CODING\Visual Studio 2010\Projects\a3\a3\Debug\link.5676-cvtres.read.1.tlog
C:\Users\mike\Documents\_CODING\Visual Studio 2010\Projects\a3\a3\Debug\link.5676-cvtres.write.1.tlog
C:\Users\mike\Documents\_CODING\Visual Studio 2010\Projects\a3\a3\Debug\link.5772.read.1.tlog
C:\Users\mike\Documents\_CODING\Visual Studio 2010\Projects\a3\a3\Debug\link.5772.write.1.tlog
C:\Users\mike\Documents\_CODING\Visual Studio 2010\Projects\a3\a3\Debug\link.5772-cvtres.read.1.tlog
C:\Users\mike\Documents\_CODING\Visual Studio 2010\Projects\a3\a3\Debug\link.5772-cvtres.write.1.tlog
C:\Users\mike\Documents\_CODING\Visual Studio 2010\Projects\a3\a3\Debug\link.6132.read.1.tlog
C:\Users\mike\Documents\_CODING\Visual Studio 2010\Projects\a3\a3\Debug\link.6132.write.1.tlog
C:\Users\mike\Documents\_CODING\Visual Studio 2010\Projects\a3\a3\Debug\link.6132-cvtres.read.1.tlog
C:\Users\mike\Documents\_CODING\Visual Studio 2010\Projects\a3\a3\Debug\link.6132-cvtres.write.1.tlog
C:\Users\mike\Documents\_CODING\Visual Studio 2010\Projects\a3\a3\Debug\link.command.1.tlog
C:\Users\mike\Documents\_CODING\Visual Studio 2010\Projects\a3\a3\Debug\link.read.1.tlog
C:\Users\mike\Documents\_CODING\Visual Studio 2010\Projects\a3\a3\Debug\link.write.1.tlog
C:\Users\mike\Documents\_CODING\Visual Studio 2010\Projects\a3\a3\Debug\link-cvtres.read.1.tlog
C:\Users\mike\Documents\_CODING\Visual Studio 2010\Projects\a3\a3\Debug\link-cvtres.write.1.tlog
C:\USERS\MIKE\DOCUMENTS\_CODING\VISUAL STUDIO 2010\PROJECTS\A3\A3\DEBUG\MAT4X4.OBJ
C:\Users\mike\Documents\_CODING\Visual Studio 2010\Projects\a3\a3\Debug\mt.command.1.tlog
C:\Users\mike\Documents\_CODING\Visual Studio 2010\Projects\a3\a3\Debug\mt.read.1.tlog
C:\Users\mike\Documents\_CODING\Visual Studio 2010\Projects\a3\a3\Debug\mt.write.1.tlog
C:\USERS\MIKE\DOCUMENTS\_CODING\VISUAL STUDIO 2010\PROJECTS\A3\A3\DEBUG\Q1.OBJ
C:\USERS\MIKE\DOCUMENTS\_CODING\VISUAL STUDIO 2010\PROJECTS\A3\A3\DEBUG\Q2.OBJ
C:\USERS\MIKE\DOCUMENTS\_CODING\VISUAL STUDIO 2010\PROJECTS\A3\A3\DEBUG\Q2BONUS.OBJ
C:\USERS\MIKE\DOCUMENTS\_CODING\VISUAL STUDIO 2010\PROJECTS\A3\A3\DEBUG\Q2BONUS2.OBJ
C:\Users\mike\Documents\_CODING\Visual Studio 2010\Projects\a3\a3\Debug\rc.command.1.tlog
C:\Users\mike\Documents\_CODING\Visual Studio 2010\Projects\a3\a3\Debug\rc.read.1.tlog
C:\Users\mike\Documents\_CODING\Visual Studio 2010\Projects\a3\a3\Debug\rc.write.1.tlog
C:\USERS\MIKE\DOCUMENTS\_CODING\VISUAL STUDIO 2010\PROJECTS\A3\A3\DEBUG\TRIMESH.OBJ
C:\Users\mike\Documents\_CODING\Visual Studio 2010\Projects\a3\a3\Debug\vc100.idb
C:\USERS\MIKE\DOCUMENTS\_CODING\VISUAL STUDIO 2010\PROJECTS\A3\A3\DEBUG\VC100.PDB
C:\USERS\MIKE\DOCUMENTS\_CODING\VISUAL STUDIO 2010\PROJECTS\A3\A3\DEBUG\VEC2.OBJ
C:\USERS\MIKE\DOCUMENTS\_CODING\VISUAL STUDIO 2010\PROJECTS\A3\A3\DEBUG\VEC4.OBJ
C:\USERS\MIKE\DOCUMENTS\_CODING\VISUAL STUDIO 2010\PROJECTS\A3\DEBUG\CS3388_A3.EXE
C:\USERS\MIKE\DOCUMENTS\_CODING\VISUAL STUDIO 2010\PROJECTS\A3\DEBUG\CS3388_A3.ILK
C:\USERS\MIKE\DOCUMENTS\_CODING\VISUAL STUDIO 2010\PROJECTS\A3\DEBUG\CS3388_A3.PDB
